[2019-07-12T14:32:21.575Z]: [	HTTP GET /] {
  "meta": {
    "res": {
      "statusCode": 404
    },
    "req": {
      "url": "/",
      "headers": {
        "host": "localhost:3000",
        "connection": "keep-alive",
        "upgrade-insecure-requests": "1",
        "user-agent": "Mozilla/5.0 (Macintosh; Intel Mac OS X 10_14_5) AppleWebKit/537.36 (KHTML, like Gecko) Chrome/75.0.3770.100 Safari/537.36",
        "dnt": "1",
        "accept": "text/html,application/xhtml+xml,application/xml;q=0.9,image/webp,image/apng,*/*;q=0.8,application/signed-exchange;v=b3",
        "accept-encoding": "gzip, deflate, br",
        "accept-language": "en-US,en;q=0.9,es-419;q=0.8,es;q=0.7",
        "cookie": "connect.sid=s%3AdnJziJdcjwU26N9Ss47OzPYDm5_HXFDB.YrXTFfseglYy5iSRbtIKNHvzv%2FDjDSyw%2BinEuv62fGw",
        "if-none-match": "W/\"2ad-VXhURxpGH+nju/uyqVDHfVjFwtY\""
      },
      "method": "GET",
      "httpVersion": "1.1",
      "originalUrl": "/",
      "query": {}
    },
    "responseTime": 3
  }
}
[2019-07-12T14:33:50.745Z]: [	HTTP GET /] {
  "meta": {
    "res": {
      "statusCode": 404
    },
    "req": {
      "url": "/",
      "headers": {
        "host": "127.0.0.1:3000",
        "connection": "keep-alive",
        "upgrade-insecure-requests": "1",
        "user-agent": "Mozilla/5.0 (Macintosh; Intel Mac OS X 10_14_5) AppleWebKit/537.36 (KHTML, like Gecko) Chrome/75.0.3770.100 Safari/537.36",
        "dnt": "1",
        "accept": "text/html,application/xhtml+xml,application/xml;q=0.9,image/webp,image/apng,*/*;q=0.8,application/signed-exchange;v=b3",
        "accept-encoding": "gzip, deflate, br",
        "accept-language": "en-US,en;q=0.9,es-419;q=0.8,es;q=0.7"
      },
      "method": "GET",
      "httpVersion": "1.1",
      "originalUrl": "/",
      "query": {}
    },
    "responseTime": 4
  }
}
[2019-07-12T14:45:55.202Z]: [	HTTP GET /] {
  "meta": {
    "res": {
      "statusCode": 500
    },
    "req": {
      "url": "/",
      "headers": {
        "host": "127.0.0.1:3000",
        "connection": "keep-alive",
        "cache-control": "max-age=0",
        "upgrade-insecure-requests": "1",
        "user-agent": "Mozilla/5.0 (Macintosh; Intel Mac OS X 10_14_5) AppleWebKit/537.36 (KHTML, like Gecko) Chrome/75.0.3770.100 Safari/537.36",
        "dnt": "1",
        "accept": "text/html,application/xhtml+xml,application/xml;q=0.9,image/webp,image/apng,*/*;q=0.8,application/signed-exchange;v=b3",
        "accept-encoding": "gzip, deflate, br",
        "accept-language": "en-US,en;q=0.9,es-419;q=0.8,es;q=0.7"
      },
      "method": "GET",
      "httpVersion": "1.1",
      "originalUrl": "/",
      "query": {}
    },
    "responseTime": 6
  }
}
[2019-07-12T14:46:20.914Z]: [	HTTP GET /] {
  "meta": {
    "res": {
      "statusCode": 500
    },
    "req": {
      "url": "/",
      "headers": {
        "host": "127.0.0.1:3000",
        "connection": "keep-alive",
        "cache-control": "max-age=0",
        "upgrade-insecure-requests": "1",
        "user-agent": "Mozilla/5.0 (Macintosh; Intel Mac OS X 10_14_5) AppleWebKit/537.36 (KHTML, like Gecko) Chrome/75.0.3770.100 Safari/537.36",
        "dnt": "1",
        "accept": "text/html,application/xhtml+xml,application/xml;q=0.9,image/webp,image/apng,*/*;q=0.8,application/signed-exchange;v=b3",
        "accept-encoding": "gzip, deflate, br",
        "accept-language": "en-US,en;q=0.9,es-419;q=0.8,es;q=0.7"
      },
      "method": "GET",
      "httpVersion": "1.1",
      "originalUrl": "/",
      "query": {}
    },
    "responseTime": 1
  }
}
[2019-07-12T14:48:03.825Z]: [	HTTP GET /] {
  "meta": {
    "res": {
      "statusCode": 404
    },
    "req": {
      "url": "/",
      "headers": {
        "host": "127.0.0.1:3000",
        "connection": "keep-alive",
        "cache-control": "max-age=0",
        "upgrade-insecure-requests": "1",
        "user-agent": "Mozilla/5.0 (Macintosh; Intel Mac OS X 10_14_5) AppleWebKit/537.36 (KHTML, like Gecko) Chrome/75.0.3770.100 Safari/537.36",
        "dnt": "1",
        "accept": "text/html,application/xhtml+xml,application/xml;q=0.9,image/webp,image/apng,*/*;q=0.8,application/signed-exchange;v=b3",
        "accept-encoding": "gzip, deflate, br",
        "accept-language": "en-US,en;q=0.9,es-419;q=0.8,es;q=0.7"
      },
      "method": "GET",
      "httpVersion": "1.1",
      "originalUrl": "/",
      "query": {}
    },
    "responseTime": 3
  }
}
[2019-07-12T14:48:04.354Z]: [	HTTP GET /favicon.ico] {
  "meta": {
    "res": {
      "statusCode": 404
    },
    "req": {
      "url": "/favicon.ico",
      "headers": {
        "host": "127.0.0.1:3000",
        "connection": "keep-alive",
        "pragma": "no-cache",
        "cache-control": "no-cache",
        "user-agent": "Mozilla/5.0 (Macintosh; Intel Mac OS X 10_14_5) AppleWebKit/537.36 (KHTML, like Gecko) Chrome/75.0.3770.100 Safari/537.36",
        "dnt": "1",
        "accept": "image/webp,image/apng,image/*,*/*;q=0.8",
        "referer": "http://127.0.0.1:3000/",
        "accept-encoding": "gzip, deflate, br",
        "accept-language": "en-US,en;q=0.9,es-419;q=0.8,es;q=0.7"
      },
      "method": "GET",
      "httpVersion": "1.1",
      "originalUrl": "/favicon.ico",
      "query": {}
    },
    "responseTime": 0
  }
}
[2019-07-12T14:48:29.097Z]: [	HTTP GET /] {
  "meta": {
    "res": {
      "statusCode": 404
    },
    "req": {
      "url": "/",
      "headers": {
        "host": "127.0.0.1:3000",
        "connection": "keep-alive",
        "cache-control": "max-age=0",
        "upgrade-insecure-requests": "1",
        "user-agent": "Mozilla/5.0 (Macintosh; Intel Mac OS X 10_14_5) AppleWebKit/537.36 (KHTML, like Gecko) Chrome/75.0.3770.100 Safari/537.36",
        "dnt": "1",
        "accept": "text/html,application/xhtml+xml,application/xml;q=0.9,image/webp,image/apng,*/*;q=0.8,application/signed-exchange;v=b3",
        "accept-encoding": "gzip, deflate, br",
        "accept-language": "en-US,en;q=0.9,es-419;q=0.8,es;q=0.7"
      },
      "method": "GET",
      "httpVersion": "1.1",
      "originalUrl": "/",
      "query": {}
    },
    "responseTime": 2
  }
}
[2019-07-12T14:48:41.679Z]: [	HTTP GET /] {
  "meta": {
    "res": {
      "statusCode": 404
    },
    "req": {
      "url": "/",
      "headers": {
        "host": "127.0.0.1:3000",
        "connection": "keep-alive",
        "cache-control": "max-age=0",
        "upgrade-insecure-requests": "1",
        "user-agent": "Mozilla/5.0 (Macintosh; Intel Mac OS X 10_14_5) AppleWebKit/537.36 (KHTML, like Gecko) Chrome/75.0.3770.100 Safari/537.36",
        "dnt": "1",
        "accept": "text/html,application/xhtml+xml,application/xml;q=0.9,image/webp,image/apng,*/*;q=0.8,application/signed-exchange;v=b3",
        "accept-encoding": "gzip, deflate, br",
        "accept-language": "en-US,en;q=0.9,es-419;q=0.8,es;q=0.7"
      },
      "method": "GET",
      "httpVersion": "1.1",
      "originalUrl": "/",
      "query": {}
    },
    "responseTime": 1
  }
}
[2019-07-12T15:26:44.151Z]: [	HTTP POST /] {
  "meta": {
    "res": {
      "statusCode": 404
    },
    "req": {
      "url": "/",
      "headers": {
        "host": "localhost:3000",
        "user-agent": "insomnia/6.5.4",
        "accept": "*/*",
        "content-length": "0"
      },
      "method": "POST",
      "httpVersion": "1.1",
      "originalUrl": "/",
      "query": {}
    },
    "responseTime": 2
  }
}
[2019-07-12T15:28:25.399Z]: [	HTTP POST /auth/signup] {
  "meta": {
    "res": {
      "statusCode": 200
    },
    "req": {
      "url": "/auth/signup",
      "headers": {
        "host": "localhost:3000",
        "user-agent": "insomnia/6.5.4",
        "content-type": "application/x-www-form-urlencoded",
        "accept": "*/*",
        "content-length": "19"
      },
      "method": "POST",
      "httpVersion": "1.1",
      "originalUrl": "/auth/signup",
      "query": {}
    },
    "responseTime": 6
  }
}
[2019-07-12T15:34:07.630Z]: [	HTTP GET /] {
  "meta": {
    "res": {
      "statusCode": 404
    },
    "req": {
      "url": "/",
      "headers": {
        "host": "127.0.0.1:3000",
        "connection": "keep-alive",
        "cache-control": "max-age=0",
        "upgrade-insecure-requests": "1",
        "user-agent": "Mozilla/5.0 (Macintosh; Intel Mac OS X 10_14_5) AppleWebKit/537.36 (KHTML, like Gecko) Chrome/75.0.3770.100 Safari/537.36",
        "dnt": "1",
        "accept": "text/html,application/xhtml+xml,application/xml;q=0.9,image/webp,image/apng,*/*;q=0.8,application/signed-exchange;v=b3",
        "accept-encoding": "gzip, deflate, br",
        "accept-language": "en-US,en;q=0.9,es-419;q=0.8,es;q=0.7"
      },
      "method": "GET",
      "httpVersion": "1.1",
      "originalUrl": "/",
      "query": {}
    },
    "responseTime": 2
  }
}
[2019-07-12T15:36:30.898Z]: [	HTTP POST /auth/signup] {
  "meta": {
    "res": {
      "statusCode": 200
    },
    "req": {
      "url": "/auth/signup",
      "headers": {
        "host": "localhost:3000",
        "user-agent": "insomnia/6.5.4",
        "content-type": "application/x-www-form-urlencoded",
        "accept": "*/*",
        "content-length": "48"
      },
      "method": "POST",
      "httpVersion": "1.1",
      "originalUrl": "/auth/signup",
      "query": {}
    },
    "responseTime": 52
  }
}
[2019-07-12T15:37:07.350Z]: [	HTTP POST /auth/signup] {
  "meta": {
    "res": {
      "statusCode": 200
    },
    "req": {
      "url": "/auth/signup",
      "headers": {
        "host": "localhost:3000",
        "user-agent": "insomnia/6.5.4",
        "content-type": "application/x-www-form-urlencoded",
        "accept": "*/*",
        "content-length": "48"
      },
      "method": "POST",
      "httpVersion": "1.1",
      "originalUrl": "/auth/signup",
      "query": {}
    },
    "responseTime": 53
  }
}
[2019-07-12T15:37:08.867Z]: [	HTTP POST /auth/signup] {
  "meta": {
    "res": {
      "statusCode": 500
    },
    "req": {
      "url": "/auth/signup",
      "headers": {
        "host": "localhost:3000",
        "user-agent": "insomnia/6.5.4",
        "content-type": "application/x-www-form-urlencoded",
        "accept": "*/*",
        "content-length": "48"
      },
      "method": "POST",
      "httpVersion": "1.1",
      "originalUrl": "/auth/signup",
      "query": {}
    },
    "responseTime": 37
  }
}
[2019-07-12T16:14:38.290Z]: [	HTTP POST /auth/signup] {
  "meta": {
    "res": {
      "statusCode": 500
    },
    "req": {
      "url": "/auth/signup",
      "headers": {
        "host": "localhost:3000",
        "user-agent": "insomnia/6.5.4",
        "content-type": "application/x-www-form-urlencoded",
        "accept": "*/*",
        "content-length": "61"
      },
      "method": "POST",
      "httpVersion": "1.1",
      "originalUrl": "/auth/signup",
      "query": {}
    },
    "responseTime": 3
  }
}
[2019-07-12T16:14:50.240Z]: [	HTTP POST /auth/signup] {
  "meta": {
    "res": {
      "statusCode": 500
    },
    "req": {
      "url": "/auth/signup",
      "headers": {
        "host": "localhost:3000",
        "user-agent": "insomnia/6.5.4",
        "content-type": "application/x-www-form-urlencoded",
        "accept": "*/*",
        "content-length": "63"
      },
      "method": "POST",
      "httpVersion": "1.1",
      "originalUrl": "/auth/signup",
      "query": {}
    },
    "responseTime": 1
  }
}
[2019-07-12T16:14:57.342Z]: [	HTTP POST /auth/signup] {
  "meta": {
    "res": {
      "statusCode": 500
    },
    "req": {
      "url": "/auth/signup",
      "headers": {
        "host": "localhost:3000",
        "user-agent": "insomnia/6.5.4",
        "content-type": "application/x-www-form-urlencoded",
        "accept": "*/*",
        "content-length": "61"
      },
      "method": "POST",
      "httpVersion": "1.1",
      "originalUrl": "/auth/signup",
      "query": {}
    },
    "responseTime": 1
  }
}
[2019-07-12T16:15:03.047Z]: [	HTTP POST /auth/signup] {
  "meta": {
    "res": {
      "statusCode": 500
    },
    "req": {
      "url": "/auth/signup",
      "headers": {
        "host": "localhost:3000",
        "user-agent": "insomnia/6.5.4",
        "content-type": "application/x-www-form-urlencoded",
        "accept": "*/*",
        "content-length": "64"
      },
      "method": "POST",
      "httpVersion": "1.1",
      "originalUrl": "/auth/signup",
      "query": {}
    },
    "responseTime": 34
  }
}
[2019-07-12T16:15:10.028Z]: [	HTTP POST /auth/signup] {
  "meta": {
    "res": {
      "statusCode": 200
    },
    "req": {
      "url": "/auth/signup",
      "headers": {
        "host": "localhost:3000",
        "user-agent": "insomnia/6.5.4",
        "content-type": "application/x-www-form-urlencoded",
        "accept": "*/*",
        "content-length": "70"
      },
      "method": "POST",
      "httpVersion": "1.1",
      "originalUrl": "/auth/signup",
      "query": {}
    },
    "responseTime": 49
  }
}
[2019-07-12T18:55:11.448Z]: [	HTTP POST /auth/signup] {
  "meta": {
    "res": {
      "statusCode": 500
    },
    "req": {
      "url": "/auth/signup",
      "headers": {
        "host": "localhost:3000",
        "user-agent": "insomnia/6.5.4",
        "content-type": "application/x-www-form-urlencoded",
        "accept": "*/*",
        "content-length": "70"
      },
      "method": "POST",
      "httpVersion": "1.1",
      "originalUrl": "/auth/signup",
      "query": {}
    },
    "responseTime": 7
  }
}
[2019-07-12T18:55:35.465Z]: [	HTTP POST /auth/signup] {
  "meta": {
    "res": {
      "statusCode": 500
    },
    "req": {
      "url": "/auth/signup",
      "headers": {
        "host": "localhost:3000",
        "user-agent": "insomnia/6.5.4",
        "content-type": "application/x-www-form-urlencoded",
        "accept": "*/*",
        "content-length": "70"
      },
      "method": "POST",
      "httpVersion": "1.1",
      "originalUrl": "/auth/signup",
      "query": {}
    },
    "responseTime": 4
  }
}
[2019-07-12T18:56:19.016Z]: [	HTTP POST /auth/signup] {
  "meta": {
    "res": {
      "statusCode": 500
    },
    "req": {
      "url": "/auth/signup",
      "headers": {
        "host": "localhost:3000",
        "user-agent": "insomnia/6.5.4",
        "content-type": "application/x-www-form-urlencoded",
        "accept": "*/*",
        "content-length": "70"
      },
      "method": "POST",
      "httpVersion": "1.1",
      "originalUrl": "/auth/signup",
      "query": {}
    },
    "responseTime": 4
  }
}
[2019-07-12T19:09:12.105Z]: [	HTTP POST /auth/signup] {
  "meta": {
    "res": {
      "statusCode": 500
    },
    "req": {
      "url": "/auth/signup",
      "headers": {
        "host": "localhost:3000",
        "user-agent": "insomnia/6.5.4",
        "content-type": "application/x-www-form-urlencoded",
        "accept": "*/*",
        "content-length": "70"
      },
      "method": "POST",
      "httpVersion": "1.1",
      "originalUrl": "/auth/signup",
      "query": {}
    },
    "responseTime": 4
  }
}
[2019-07-12T19:17:43.398Z]: [	HTTP POST /auth/signup] {
  "meta": {
    "res": {
      "statusCode": 500
    },
    "req": {
      "url": "/auth/signup",
      "headers": {
        "host": "localhost:3000",
        "user-agent": "insomnia/6.5.4",
        "content-type": "application/x-www-form-urlencoded",
        "accept": "*/*",
        "content-length": "70"
      },
      "method": "POST",
      "httpVersion": "1.1",
      "originalUrl": "/auth/signup",
      "query": {}
    },
    "responseTime": 4
  }
}
[2019-07-12T19:19:42.968Z]: [	HTTP POST /auth/signup] {
  "meta": {
    "res": {
      "statusCode": 500
    },
    "req": {
      "url": "/auth/signup",
      "headers": {
        "host": "localhost:3000",
        "user-agent": "insomnia/6.5.4",
        "content-type": "application/x-www-form-urlencoded",
        "accept": "*/*",
        "content-length": "70"
      },
      "method": "POST",
      "httpVersion": "1.1",
      "originalUrl": "/auth/signup",
      "query": {}
    },
    "responseTime": 5
  }
}
[2019-07-12T19:20:54.199Z]: [	HTTP POST /auth/signup] {
  "meta": {
    "res": {
      "statusCode": 500
    },
    "req": {
      "url": "/auth/signup",
      "headers": {
        "host": "localhost:3000",
        "user-agent": "insomnia/6.5.4",
        "content-type": "application/x-www-form-urlencoded",
        "accept": "*/*",
        "content-length": "70"
      },
      "method": "POST",
      "httpVersion": "1.1",
      "originalUrl": "/auth/signup",
      "query": {}
    },
    "responseTime": 4
  }
}
[2019-07-12T20:18:38.219Z]: [	HTTP POST /auth/signup] {
  "meta": {
    "res": {
      "statusCode": 500
    },
    "req": {
      "url": "/auth/signup",
      "headers": {
        "host": "localhost:3000",
        "user-agent": "insomnia/6.5.4",
        "content-type": "application/x-www-form-urlencoded",
        "accept": "*/*",
        "content-length": "70"
      },
      "method": "POST",
      "httpVersion": "1.1",
      "originalUrl": "/auth/signup",
      "query": {}
    },
    "responseTime": 1
  }
}
[2019-07-12T20:20:04.248Z]: [	HTTP POST /auth/signup] {
  "meta": {
    "res": {
      "statusCode": 500
    },
    "req": {
      "url": "/auth/signup",
      "headers": {
        "host": "localhost:3000",
        "user-agent": "insomnia/6.5.4",
        "content-type": "application/x-www-form-urlencoded",
        "accept": "*/*",
        "content-length": "70"
      },
      "method": "POST",
      "httpVersion": "1.1",
      "originalUrl": "/auth/signup",
      "query": {}
    },
    "responseTime": 4
  }
}
[2019-07-12T20:31:41.967Z]: [	HTTP POST /auth/signup] {
  "meta": {
    "res": {
      "statusCode": 500
    },
    "req": {
      "url": "/auth/signup",
      "headers": {
        "host": "localhost:3000",
        "user-agent": "insomnia/6.5.4",
        "content-type": "application/x-www-form-urlencoded",
        "accept": "*/*",
        "content-length": "70"
      },
      "method": "POST",
      "httpVersion": "1.1",
      "originalUrl": "/auth/signup",
      "query": {}
    },
    "responseTime": 4
  }
}
[2019-07-12T20:58:29.891Z]: [	HTTP POST /auth/signup] {
  "meta": {
    "res": {
      "statusCode": 500
    },
    "req": {
      "url": "/auth/signup",
      "headers": {
        "host": "localhost:3000",
        "user-agent": "insomnia/6.5.4",
        "content-type": "application/x-www-form-urlencoded",
        "accept": "*/*",
        "content-length": "70"
      },
      "method": "POST",
      "httpVersion": "1.1",
      "originalUrl": "/auth/signup",
      "query": {}
    },
    "responseTime": 4
  }
}
[2019-07-12T20:59:44.841Z]: [	HTTP POST /auth/signup] {
  "meta": {
    "res": {
      "statusCode": 500
    },
    "req": {
      "url": "/auth/signup",
      "headers": {
        "host": "localhost:3000",
        "user-agent": "insomnia/6.5.4",
        "content-type": "application/x-www-form-urlencoded",
        "accept": "*/*",
        "content-length": "70"
      },
      "method": "POST",
      "httpVersion": "1.1",
      "originalUrl": "/auth/signup",
      "query": {}
    },
    "responseTime": 6
  }
}
[2019-07-12T21:01:01.792Z]: [	HTTP POST /auth/signup] {
  "meta": {
    "res": {
      "statusCode": 500
    },
    "req": {
      "url": "/auth/signup",
      "headers": {
        "host": "localhost:3000",
        "user-agent": "insomnia/6.5.4",
        "content-type": "application/x-www-form-urlencoded",
        "accept": "*/*",
        "content-length": "70"
      },
      "method": "POST",
      "httpVersion": "1.1",
      "originalUrl": "/auth/signup",
      "query": {}
    },
    "responseTime": 4
  }
}
[2019-07-12T21:02:31.513Z]: [	HTTP POST /auth/signup] {
  "meta": {
    "res": {
      "statusCode": 500
    },
    "req": {
      "url": "/auth/signup",
      "headers": {
        "host": "localhost:3000",
        "user-agent": "insomnia/6.5.4",
        "content-type": "application/x-www-form-urlencoded",
        "accept": "*/*",
        "content-length": "70"
      },
      "method": "POST",
      "httpVersion": "1.1",
      "originalUrl": "/auth/signup",
      "query": {}
    },
    "responseTime": 5
  }
}
[2019-07-12T21:03:20.644Z]: [	HTTP POST /auth/signup] {
  "meta": {
    "res": {
      "statusCode": 500
    },
    "req": {
      "url": "/auth/signup",
      "headers": {
        "host": "localhost:3000",
        "user-agent": "insomnia/6.5.4",
        "content-type": "application/x-www-form-urlencoded",
        "accept": "*/*",
        "content-length": "70"
      },
      "method": "POST",
      "httpVersion": "1.1",
      "originalUrl": "/auth/signup",
      "query": {}
    },
    "responseTime": 4
  }
}
[2019-07-12T21:04:30.632Z]: [	HTTP POST /auth/signup] {
  "meta": {
    "res": {
      "statusCode": 500
    },
    "req": {
      "url": "/auth/signup",
      "headers": {
        "host": "localhost:3000",
        "user-agent": "insomnia/6.5.4",
        "content-type": "application/x-www-form-urlencoded",
        "accept": "*/*",
        "content-length": "70"
      },
      "method": "POST",
      "httpVersion": "1.1",
      "originalUrl": "/auth/signup",
      "query": {}
    },
    "responseTime": 4
  }
}
[2019-07-12T21:05:18.731Z]: [	HTTP POST /auth/signup] {
  "meta": {
    "res": {
      "statusCode": 500
    },
    "req": {
      "url": "/auth/signup",
      "headers": {
        "host": "localhost:3000",
        "user-agent": "insomnia/6.5.4",
        "content-type": "application/x-www-form-urlencoded",
        "accept": "*/*",
        "content-length": "70"
      },
      "method": "POST",
      "httpVersion": "1.1",
      "originalUrl": "/auth/signup",
      "query": {}
    },
    "responseTime": 5
  }
}
[2019-07-12T21:10:06.606Z]: [	HTTP POST /auth/signup] {
  "meta": {
    "res": {
      "statusCode": 500
    },
    "req": {
      "url": "/auth/signup",
      "headers": {
        "host": "localhost:3000",
        "user-agent": "insomnia/6.5.4",
        "content-type": "application/x-www-form-urlencoded",
        "accept": "*/*",
        "content-length": "70"
      },
      "method": "POST",
      "httpVersion": "1.1",
      "originalUrl": "/auth/signup",
      "query": {}
    },
    "responseTime": 4
  }
}
[2019-07-12T21:12:06.035Z]: [	HTTP POST /auth/signup] {
  "meta": {
    "res": {
      "statusCode": 500
    },
    "req": {
      "url": "/auth/signup",
      "headers": {
        "host": "localhost:3000",
        "user-agent": "insomnia/6.5.4",
        "content-type": "application/x-www-form-urlencoded",
        "accept": "*/*",
        "content-length": "70"
      },
      "method": "POST",
      "httpVersion": "1.1",
      "originalUrl": "/auth/signup",
      "query": {}
    },
    "responseTime": 206
  }
}
[2019-07-12T21:14:56.341Z]: [	HTTP POST /auth/signup] {
  "meta": {
    "res": {
      "statusCode": 401
    },
    "req": {
      "url": "/auth/signup",
      "headers": {
        "host": "localhost:3000",
        "user-agent": "insomnia/6.5.4",
        "content-type": "application/x-www-form-urlencoded",
        "accept": "*/*",
        "content-length": "70"
      },
      "method": "POST",
      "httpVersion": "1.1",
      "originalUrl": "/auth/signup",
      "query": {}
    },
    "responseTime": 78
  }
}
[2019-07-12T21:15:40.088Z]: [	HTTP POST /auth/signup] {
  "meta": {
    "res": {
      "statusCode": 401
    },
    "req": {
      "url": "/auth/signup",
      "headers": {
        "host": "localhost:3000",
        "user-agent": "insomnia/6.5.4",
        "content-type": "application/x-www-form-urlencoded",
        "accept": "*/*",
        "content-length": "70"
      },
      "method": "POST",
      "httpVersion": "1.1",
      "originalUrl": "/auth/signup",
      "query": {}
    },
    "responseTime": 49
  }
}
[2019-07-12T21:28:46.783Z]: [	HTTP GET /] {
  "meta": {
    "res": {
      "statusCode": 404
    },
    "req": {
      "url": "/",
      "headers": {
        "host": "localhost:3000",
        "connection": "keep-alive",
        "upgrade-insecure-requests": "1",
        "user-agent": "Mozilla/5.0 (Macintosh; Intel Mac OS X 10_14_5) AppleWebKit/537.36 (KHTML, like Gecko) Chrome/75.0.3770.100 Safari/537.36",
        "dnt": "1",
        "accept": "text/html,application/xhtml+xml,application/xml;q=0.9,image/webp,image/apng,*/*;q=0.8,application/signed-exchange;v=b3",
        "accept-encoding": "gzip, deflate, br",
        "accept-language": "en-US,en;q=0.9,es-419;q=0.8,es;q=0.7",
        "cookie": "connect.sid=s%3AdnJziJdcjwU26N9Ss47OzPYDm5_HXFDB.YrXTFfseglYy5iSRbtIKNHvzv%2FDjDSyw%2BinEuv62fGw"
      },
      "method": "GET",
      "httpVersion": "1.1",
      "originalUrl": "/",
      "query": {}
    },
    "responseTime": 8
  }
}
[2019-07-12T21:38:13.500Z]: [	HTTP GET /] {
  "meta": {
    "res": {
      "statusCode": 404
    },
    "req": {
      "url": "/",
      "headers": {
        "host": "localhost:3000",
        "connection": "keep-alive",
        "cache-control": "max-age=0",
        "upgrade-insecure-requests": "1",
        "user-agent": "Mozilla/5.0 (Macintosh; Intel Mac OS X 10_14_5) AppleWebKit/537.36 (KHTML, like Gecko) Chrome/75.0.3770.100 Safari/537.36",
        "dnt": "1",
        "accept": "text/html,application/xhtml+xml,application/xml;q=0.9,image/webp,image/apng,*/*;q=0.8,application/signed-exchange;v=b3",
        "accept-encoding": "gzip, deflate, br",
        "accept-language": "en-US,en;q=0.9,es-419;q=0.8,es;q=0.7",
        "cookie": "connect.sid=s%3AsrzyJWT8rjJas3fDd9wUXeJfVzdPBAgl.vWuTNYtImO7OVJWxGowByQDd4SxKsiQpDDYMz7GXz0g"
      },
      "method": "GET",
      "httpVersion": "1.1",
      "originalUrl": "/",
      "query": {}
    },
    "responseTime": 6
  }
}
[2019-07-12T21:38:14.031Z]: [	HTTP GET /favicon.ico] {
  "meta": {
    "res": {
      "statusCode": 404
    },
    "req": {
      "url": "/favicon.ico",
      "headers": {
        "host": "localhost:3000",
        "connection": "keep-alive",
        "pragma": "no-cache",
        "cache-control": "no-cache",
        "user-agent": "Mozilla/5.0 (Macintosh; Intel Mac OS X 10_14_5) AppleWebKit/537.36 (KHTML, like Gecko) Chrome/75.0.3770.100 Safari/537.36",
        "dnt": "1",
        "accept": "image/webp,image/apng,image/*,*/*;q=0.8",
        "referer": "http://localhost:3000/",
        "accept-encoding": "gzip, deflate, br",
        "accept-language": "en-US,en;q=0.9,es-419;q=0.8,es;q=0.7",
        "cookie": "connect.sid=s%3ASTsVTcoN_X6CWd5oqgqoqvzW1zMjzliR.B%2BJDxT%2FmLg0B%2B8MuxhkGcgng4bvA7n90GTS3RQwD7Cs"
      },
      "method": "GET",
      "httpVersion": "1.1",
      "originalUrl": "/favicon.ico",
      "query": {}
    },
    "responseTime": 1
  }
}
[2019-07-12T21:38:16.107Z]: [	HTTP GET /] {
  "meta": {
    "res": {
      "statusCode": 404
    },
    "req": {
      "url": "/",
      "headers": {
        "host": "localhost:3000",
        "connection": "keep-alive",
        "cache-control": "max-age=0",
        "upgrade-insecure-requests": "1",
        "user-agent": "Mozilla/5.0 (Macintosh; Intel Mac OS X 10_14_5) AppleWebKit/537.36 (KHTML, like Gecko) Chrome/75.0.3770.100 Safari/537.36",
        "dnt": "1",
        "accept": "text/html,application/xhtml+xml,application/xml;q=0.9,image/webp,image/apng,*/*;q=0.8,application/signed-exchange;v=b3",
        "accept-encoding": "gzip, deflate, br",
        "accept-language": "en-US,en;q=0.9,es-419;q=0.8,es;q=0.7",
        "cookie": "connect.sid=s%3ASTsVTcoN_X6CWd5oqgqoqvzW1zMjzliR.B%2BJDxT%2FmLg0B%2B8MuxhkGcgng4bvA7n90GTS3RQwD7Cs"
      },
      "method": "GET",
      "httpVersion": "1.1",
      "originalUrl": "/",
      "query": {}
    },
    "responseTime": 7
  }
}
[2019-07-12T21:38:41.331Z]: [	HTTP GET /] {
  "meta": {
    "res": {
      "statusCode": 404
    },
    "req": {
      "url": "/",
      "headers": {
        "host": "localhost:3000",
        "connection": "keep-alive",
        "cache-control": "max-age=0",
        "upgrade-insecure-requests": "1",
        "user-agent": "Mozilla/5.0 (Macintosh; Intel Mac OS X 10_14_5) AppleWebKit/537.36 (KHTML, like Gecko) Chrome/75.0.3770.100 Safari/537.36",
        "dnt": "1",
        "accept": "text/html,application/xhtml+xml,application/xml;q=0.9,image/webp,image/apng,*/*;q=0.8,application/signed-exchange;v=b3",
        "accept-encoding": "gzip, deflate, br",
        "accept-language": "en-US,en;q=0.9,es-419;q=0.8,es;q=0.7",
        "cookie": "connect.sid=s%3Aqr-AIbb4IpNiA1cd_61YmyMP3WauxQsc.UHULDudOEpfV4tfRhMtbmmAJ939I4jhYpisvN1vsCIg"
      },
      "method": "GET",
      "httpVersion": "1.1",
      "originalUrl": "/",
      "query": {}
    },
    "responseTime": 7
  }
}
[2019-07-12T21:39:44.916Z]: [	HTTP GET /] {
  "meta": {
    "res": {
      "statusCode": 500
    },
    "req": {
      "url": "/",
      "headers": {
        "host": "localhost:3000",
        "connection": "keep-alive",
        "cache-control": "max-age=0",
        "upgrade-insecure-requests": "1",
        "user-agent": "Mozilla/5.0 (Macintosh; Intel Mac OS X 10_14_5) AppleWebKit/537.36 (KHTML, like Gecko) Chrome/75.0.3770.100 Safari/537.36",
        "dnt": "1",
        "accept": "text/html,application/xhtml+xml,application/xml;q=0.9,image/webp,image/apng,*/*;q=0.8,application/signed-exchange;v=b3",
        "accept-encoding": "gzip, deflate, br",
        "accept-language": "en-US,en;q=0.9,es-419;q=0.8,es;q=0.7",
        "cookie": "connect.sid=s%3A0rq2SQgNbtTB8sWjcvIDp7hqw9j9DZbC.lyOdesJclgzU3v78%2FzGBy4NnRMacDHscCdSflBEQrrY"
      },
      "method": "GET",
      "httpVersion": "1.1",
      "originalUrl": "/",
      "query": {}
    },
    "responseTime": 4
  }
}
[2019-07-12T22:36:08.344Z]: [	HTTP GET /] {
  "meta": {
    "res": {
      "statusCode": 500
    },
    "req": {
      "url": "/",
      "headers": {
        "host": "localhost:3000",
        "connection": "keep-alive",
        "cache-control": "max-age=0",
        "upgrade-insecure-requests": "1",
        "user-agent": "Mozilla/5.0 (Macintosh; Intel Mac OS X 10_14_5) AppleWebKit/537.36 (KHTML, like Gecko) Chrome/75.0.3770.100 Safari/537.36",
        "dnt": "1",
        "accept": "text/html,application/xhtml+xml,application/xml;q=0.9,image/webp,image/apng,*/*;q=0.8,application/signed-exchange;v=b3",
        "accept-encoding": "gzip, deflate, br",
        "accept-language": "en-US,en;q=0.9,es-419;q=0.8,es;q=0.7",
        "cookie": "connect.sid=s%3A0rq2SQgNbtTB8sWjcvIDp7hqw9j9DZbC.lyOdesJclgzU3v78%2FzGBy4NnRMacDHscCdSflBEQrrY"
      },
      "method": "GET",
      "httpVersion": "1.1",
      "originalUrl": "/",
      "query": {}
    },
    "responseTime": 7
  }
}
[2019-07-12T22:40:28.260Z]: [	HTTP GET /] {
  "meta": {
    "res": {
      "statusCode": 500
    },
    "req": {
      "url": "/",
      "headers": {
        "host": "localhost:3000",
        "connection": "keep-alive",
        "cache-control": "max-age=0",
        "upgrade-insecure-requests": "1",
        "user-agent": "Mozilla/5.0 (Macintosh; Intel Mac OS X 10_14_5) AppleWebKit/537.36 (KHTML, like Gecko) Chrome/75.0.3770.100 Safari/537.36",
        "dnt": "1",
        "accept": "text/html,application/xhtml+xml,application/xml;q=0.9,image/webp,image/apng,*/*;q=0.8,application/signed-exchange;v=b3",
        "accept-encoding": "gzip, deflate, br",
        "accept-language": "en-US,en;q=0.9,es-419;q=0.8,es;q=0.7",
        "cookie": "connect.sid=s%3A0rq2SQgNbtTB8sWjcvIDp7hqw9j9DZbC.lyOdesJclgzU3v78%2FzGBy4NnRMacDHscCdSflBEQrrY"
      },
      "method": "GET",
      "httpVersion": "1.1",
      "originalUrl": "/",
      "query": {}
    },
    "responseTime": 2
  }
}
[2019-07-12T22:40:33.087Z]: [	HTTP GET /] {
  "meta": {
    "res": {
      "statusCode": 500
    },
    "req": {
      "url": "/",
      "headers": {
        "host": "localhost:3000",
        "connection": "keep-alive",
        "cache-control": "max-age=0",
        "upgrade-insecure-requests": "1",
        "user-agent": "Mozilla/5.0 (Macintosh; Intel Mac OS X 10_14_5) AppleWebKit/537.36 (KHTML, like Gecko) Chrome/75.0.3770.100 Safari/537.36",
        "dnt": "1",
        "accept": "text/html,application/xhtml+xml,application/xml;q=0.9,image/webp,image/apng,*/*;q=0.8,application/signed-exchange;v=b3",
        "accept-encoding": "gzip, deflate, br",
        "accept-language": "en-US,en;q=0.9,es-419;q=0.8,es;q=0.7",
        "cookie": "connect.sid=s%3A0rq2SQgNbtTB8sWjcvIDp7hqw9j9DZbC.lyOdesJclgzU3v78%2FzGBy4NnRMacDHscCdSflBEQrrY"
      },
      "method": "GET",
      "httpVersion": "1.1",
      "originalUrl": "/",
      "query": {}
    },
    "responseTime": 8
  }
}
[2019-07-12T22:41:03.112Z]: [	HTTP GET /] {
  "meta": {
    "res": {
      "statusCode": 500
    },
    "req": {
      "url": "/",
      "headers": {
        "host": "localhost:3000",
        "connection": "keep-alive",
        "cache-control": "max-age=0",
        "upgrade-insecure-requests": "1",
        "user-agent": "Mozilla/5.0 (Macintosh; Intel Mac OS X 10_14_5) AppleWebKit/537.36 (KHTML, like Gecko) Chrome/75.0.3770.100 Safari/537.36",
        "dnt": "1",
        "accept": "text/html,application/xhtml+xml,application/xml;q=0.9,image/webp,image/apng,*/*;q=0.8,application/signed-exchange;v=b3",
        "accept-encoding": "gzip, deflate, br",
        "accept-language": "en-US,en;q=0.9,es-419;q=0.8,es;q=0.7",
        "cookie": "connect.sid=s%3A0rq2SQgNbtTB8sWjcvIDp7hqw9j9DZbC.lyOdesJclgzU3v78%2FzGBy4NnRMacDHscCdSflBEQrrY"
      },
      "method": "GET",
      "httpVersion": "1.1",
      "originalUrl": "/",
      "query": {}
    },
    "responseTime": 8
  }
}
[2019-07-12T22:41:13.355Z]: [	HTTP GET /] {
  "meta": {
    "res": {
      "statusCode": 500
    },
    "req": {
      "url": "/",
      "headers": {
        "host": "localhost:3000",
        "connection": "keep-alive",
        "cache-control": "max-age=0",
        "upgrade-insecure-requests": "1",
        "user-agent": "Mozilla/5.0 (Macintosh; Intel Mac OS X 10_14_5) AppleWebKit/537.36 (KHTML, like Gecko) Chrome/75.0.3770.100 Safari/537.36",
        "dnt": "1",
        "accept": "text/html,application/xhtml+xml,application/xml;q=0.9,image/webp,image/apng,*/*;q=0.8,application/signed-exchange;v=b3",
        "accept-encoding": "gzip, deflate, br",
        "accept-language": "en-US,en;q=0.9,es-419;q=0.8,es;q=0.7",
        "cookie": "connect.sid=s%3A0rq2SQgNbtTB8sWjcvIDp7hqw9j9DZbC.lyOdesJclgzU3v78%2FzGBy4NnRMacDHscCdSflBEQrrY"
      },
      "method": "GET",
      "httpVersion": "1.1",
      "originalUrl": "/",
      "query": {}
    },
    "responseTime": 2
  }
}
[2019-07-12T22:41:53.703Z]: [	HTTP GET /] {
  "meta": {
    "res": {
      "statusCode": 200
    },
    "req": {
      "url": "/",
      "headers": {
        "host": "localhost:3000",
        "connection": "keep-alive",
        "cache-control": "max-age=0",
        "upgrade-insecure-requests": "1",
        "user-agent": "Mozilla/5.0 (Macintosh; Intel Mac OS X 10_14_5) AppleWebKit/537.36 (KHTML, like Gecko) Chrome/75.0.3770.100 Safari/537.36",
        "dnt": "1",
        "accept": "text/html,application/xhtml+xml,application/xml;q=0.9,image/webp,image/apng,*/*;q=0.8,application/signed-exchange;v=b3",
        "accept-encoding": "gzip, deflate, br",
        "accept-language": "en-US,en;q=0.9,es-419;q=0.8,es;q=0.7",
        "cookie": "connect.sid=s%3A0rq2SQgNbtTB8sWjcvIDp7hqw9j9DZbC.lyOdesJclgzU3v78%2FzGBy4NnRMacDHscCdSflBEQrrY"
      },
      "method": "GET",
      "httpVersion": "1.1",
      "originalUrl": "/",
      "query": {}
    },
    "responseTime": 10
  }
}
[2019-07-12T23:53:22.079Z]: [	HTTP GET /] {
  "meta": {
    "res": {
      "statusCode": 200
    },
    "req": {
      "url": "/",
      "headers": {
        "host": "localhost:3000",
        "connection": "keep-alive",
        "cache-control": "max-age=0",
        "upgrade-insecure-requests": "1",
        "user-agent": "Mozilla/5.0 (Macintosh; Intel Mac OS X 10_14_5) AppleWebKit/537.36 (KHTML, like Gecko) Chrome/75.0.3770.100 Safari/537.36",
        "dnt": "1",
        "accept": "text/html,application/xhtml+xml,application/xml;q=0.9,image/webp,image/apng,*/*;q=0.8,application/signed-exchange;v=b3",
        "accept-encoding": "gzip, deflate, br",
        "accept-language": "en-US,en;q=0.9,es-419;q=0.8,es;q=0.7",
        "cookie": "connect.sid=s%3A0rq2SQgNbtTB8sWjcvIDp7hqw9j9DZbC.lyOdesJclgzU3v78%2FzGBy4NnRMacDHscCdSflBEQrrY",
        "if-none-match": "W/\"e-e8Ewx9BF+ty79yKdse87/+dZvjM\""
      },
      "method": "GET",
      "httpVersion": "1.1",
      "originalUrl": "/",
      "query": {}
    },
    "responseTime": 20
  }
}
[2019-07-12T23:53:22.145Z]: [	HTTP GET /stylesheets/style.css] {
  "meta": {
    "res": {
      "statusCode": 404
    },
    "req": {
      "url": "/stylesheets/style.css",
      "headers": {
        "host": "localhost:3000",
        "connection": "keep-alive",
        "user-agent": "Mozilla/5.0 (Macintosh; Intel Mac OS X 10_14_5) AppleWebKit/537.36 (KHTML, like Gecko) Chrome/75.0.3770.100 Safari/537.36",
        "dnt": "1",
        "accept": "text/css,*/*;q=0.1",
        "referer": "http://localhost:3000/",
        "accept-encoding": "gzip, deflate, br",
        "accept-language": "en-US,en;q=0.9,es-419;q=0.8,es;q=0.7",
        "cookie": "connect.sid=s%3A0rq2SQgNbtTB8sWjcvIDp7hqw9j9DZbC.lyOdesJclgzU3v78%2FzGBy4NnRMacDHscCdSflBEQrrY",
        "if-none-match": "W/\"3dd-16be2e78326\"",
        "if-modified-since": "Thu, 11 Jul 2019 21:19:11 GMT"
      },
      "method": "GET",
      "httpVersion": "1.1",
      "originalUrl": "/stylesheets/style.css",
      "query": {}
    },
    "responseTime": 4
  }
}
[2019-07-12T23:53:22.147Z]: [	HTTP GET /javascripts/script.js] {
  "meta": {
    "res": {
      "statusCode": 404
    },
    "req": {
      "url": "/javascripts/script.js",
      "headers": {
        "host": "localhost:3000",
        "connection": "keep-alive",
        "user-agent": "Mozilla/5.0 (Macintosh; Intel Mac OS X 10_14_5) AppleWebKit/537.36 (KHTML, like Gecko) Chrome/75.0.3770.100 Safari/537.36",
        "dnt": "1",
        "accept": "*/*",
        "referer": "http://localhost:3000/",
        "accept-encoding": "gzip, deflate, br",
        "accept-language": "en-US,en;q=0.9,es-419;q=0.8,es;q=0.7",
        "cookie": "connect.sid=s%3A0rq2SQgNbtTB8sWjcvIDp7hqw9j9DZbC.lyOdesJclgzU3v78%2FzGBy4NnRMacDHscCdSflBEQrrY",
        "if-none-match": "W/\"82-16be18673e5\"",
        "if-modified-since": "Thu, 11 Jul 2019 14:53:33 GMT"
      },
      "method": "GET",
      "httpVersion": "1.1",
      "originalUrl": "/javascripts/script.js",
      "query": {}
    },
    "responseTime": 1
  }
}
[2019-07-12T23:53:44.569Z]: [	HTTP GET /] {
  "meta": {
    "res": {
      "statusCode": 200
    },
    "req": {
      "url": "/",
      "headers": {
        "host": "localhost:3000",
        "connection": "keep-alive",
        "cache-control": "max-age=0",
        "upgrade-insecure-requests": "1",
        "user-agent": "Mozilla/5.0 (Macintosh; Intel Mac OS X 10_14_5) AppleWebKit/537.36 (KHTML, like Gecko) Chrome/75.0.3770.100 Safari/537.36",
        "dnt": "1",
        "accept": "text/html,application/xhtml+xml,application/xml;q=0.9,image/webp,image/apng,*/*;q=0.8,application/signed-exchange;v=b3",
        "accept-encoding": "gzip, deflate, br",
        "accept-language": "en-US,en;q=0.9,es-419;q=0.8,es;q=0.7",
        "cookie": "connect.sid=s%3A4tkYEL4Qfg6sdMvnxukjo3PUiguXWiA0.gmZbcJebmqa9ohyro86KH6bUR%2FCFYwPCifDrigzQ0vk",
        "if-none-match": "W/\"334-QTrQFAjkNFuXi1W7NjrpFeE9R88\""
      },
      "method": "GET",
      "httpVersion": "1.1",
      "originalUrl": "/",
      "query": {}
    },
    "responseTime": 3
  }
}
[2019-07-12T23:53:44.591Z]: [	HTTP GET /stylesheets/style.css] {
  "meta": {
    "res": {
      "statusCode": 404
    },
    "req": {
      "url": "/stylesheets/style.css",
      "headers": {
        "host": "localhost:3000",
        "connection": "keep-alive",
        "user-agent": "Mozilla/5.0 (Macintosh; Intel Mac OS X 10_14_5) AppleWebKit/537.36 (KHTML, like Gecko) Chrome/75.0.3770.100 Safari/537.36",
        "dnt": "1",
        "accept": "text/css,*/*;q=0.1",
        "referer": "http://localhost:3000/",
        "accept-encoding": "gzip, deflate, br",
        "accept-language": "en-US,en;q=0.9,es-419;q=0.8,es;q=0.7",
        "cookie": "connect.sid=s%3A4tkYEL4Qfg6sdMvnxukjo3PUiguXWiA0.gmZbcJebmqa9ohyro86KH6bUR%2FCFYwPCifDrigzQ0vk"
      },
      "method": "GET",
      "httpVersion": "1.1",
      "originalUrl": "/stylesheets/style.css",
      "query": {}
    },
    "responseTime": 2
  }
}
[2019-07-12T23:53:44.597Z]: [	HTTP GET /javascripts/script.js] {
  "meta": {
    "res": {
      "statusCode": 404
    },
    "req": {
      "url": "/javascripts/script.js",
      "headers": {
        "host": "localhost:3000",
        "connection": "keep-alive",
        "user-agent": "Mozilla/5.0 (Macintosh; Intel Mac OS X 10_14_5) AppleWebKit/537.36 (KHTML, like Gecko) Chrome/75.0.3770.100 Safari/537.36",
        "dnt": "1",
        "accept": "*/*",
        "referer": "http://localhost:3000/",
        "accept-encoding": "gzip, deflate, br",
        "accept-language": "en-US,en;q=0.9,es-419;q=0.8,es;q=0.7",
        "cookie": "connect.sid=s%3A4tkYEL4Qfg6sdMvnxukjo3PUiguXWiA0.gmZbcJebmqa9ohyro86KH6bUR%2FCFYwPCifDrigzQ0vk"
      },
      "method": "GET",
      "httpVersion": "1.1",
      "originalUrl": "/javascripts/script.js",
      "query": {}
    },
    "responseTime": 4
  }
}
[2019-07-12T23:57:59.894Z]: [	HTTP GET /] {
  "meta": {
    "res": {
      "statusCode": 200
    },
    "req": {
      "url": "/",
      "headers": {
        "host": "localhost:3000",
        "connection": "keep-alive",
        "pragma": "no-cache",
        "cache-control": "no-cache",
        "upgrade-insecure-requests": "1",
        "user-agent": "Mozilla/5.0 (Macintosh; Intel Mac OS X 10_14_5) AppleWebKit/537.36 (KHTML, like Gecko) Chrome/75.0.3770.100 Safari/537.36",
        "dnt": "1",
        "accept": "text/html,application/xhtml+xml,application/xml;q=0.9,image/webp,image/apng,*/*;q=0.8,application/signed-exchange;v=b3",
        "accept-encoding": "gzip, deflate, br",
        "accept-language": "en-US,en;q=0.9,es-419;q=0.8,es;q=0.7",
        "cookie": "connect.sid=s%3A4tkYEL4Qfg6sdMvnxukjo3PUiguXWiA0.gmZbcJebmqa9ohyro86KH6bUR%2FCFYwPCifDrigzQ0vk"
      },
      "method": "GET",
      "httpVersion": "1.1",
      "originalUrl": "/",
      "query": {}
    },
    "responseTime": 20
  }
}
[2019-07-12T23:57:59.937Z]: [	HTTP GET /stylesheets/style.css] {
  "meta": {
    "res": {
      "statusCode": 404
    },
    "req": {
      "url": "/stylesheets/style.css",
      "headers": {
        "host": "localhost:3000",
        "connection": "keep-alive",
        "pragma": "no-cache",
        "cache-control": "no-cache",
        "user-agent": "Mozilla/5.0 (Macintosh; Intel Mac OS X 10_14_5) AppleWebKit/537.36 (KHTML, like Gecko) Chrome/75.0.3770.100 Safari/537.36",
        "dnt": "1",
        "accept": "text/css,*/*;q=0.1",
        "referer": "http://localhost:3000/",
        "accept-encoding": "gzip, deflate, br",
        "accept-language": "en-US,en;q=0.9,es-419;q=0.8,es;q=0.7",
        "cookie": "connect.sid=s%3A4tkYEL4Qfg6sdMvnxukjo3PUiguXWiA0.gmZbcJebmqa9ohyro86KH6bUR%2FCFYwPCifDrigzQ0vk"
      },
      "method": "GET",
      "httpVersion": "1.1",
      "originalUrl": "/stylesheets/style.css",
      "query": {}
    },
    "responseTime": 7
  }
}
[2019-07-12T23:57:59.940Z]: [	HTTP GET /javascripts/script.js] {
  "meta": {
    "res": {
      "statusCode": 404
    },
    "req": {
      "url": "/javascripts/script.js",
      "headers": {
        "host": "localhost:3000",
        "connection": "keep-alive",
        "pragma": "no-cache",
        "cache-control": "no-cache",
        "user-agent": "Mozilla/5.0 (Macintosh; Intel Mac OS X 10_14_5) AppleWebKit/537.36 (KHTML, like Gecko) Chrome/75.0.3770.100 Safari/537.36",
        "dnt": "1",
        "accept": "*/*",
        "referer": "http://localhost:3000/",
        "accept-encoding": "gzip, deflate, br",
        "accept-language": "en-US,en;q=0.9,es-419;q=0.8,es;q=0.7",
        "cookie": "connect.sid=s%3A4tkYEL4Qfg6sdMvnxukjo3PUiguXWiA0.gmZbcJebmqa9ohyro86KH6bUR%2FCFYwPCifDrigzQ0vk"
      },
      "method": "GET",
      "httpVersion": "1.1",
      "originalUrl": "/javascripts/script.js",
      "query": {}
    },
    "responseTime": 4
  }
}
[2019-07-12T23:58:04.327Z]: [	HTTP GET /favicon.ico] {
  "meta": {
    "res": {
      "statusCode": 404
    },
    "req": {
      "url": "/favicon.ico",
      "headers": {
        "host": "localhost:3000",
        "connection": "keep-alive",
        "pragma": "no-cache",
        "cache-control": "no-cache",
        "user-agent": "Mozilla/5.0 (Macintosh; Intel Mac OS X 10_14_5) AppleWebKit/537.36 (KHTML, like Gecko) Chrome/75.0.3770.100 Safari/537.36",
        "dnt": "1",
        "accept": "image/webp,image/apng,image/*,*/*;q=0.8",
        "referer": "http://localhost:3000/",
        "accept-encoding": "gzip, deflate, br",
        "accept-language": "en-US,en;q=0.9,es-419;q=0.8,es;q=0.7",
        "cookie": "connect.sid=s%3AEfHREqBEBRs6MVeeqwntPiIBZpBReTpx.Gw5sJ3xBd1UMBieUDS1MFDGvvx6M3CcpJc%2FNaXfc3G0"
      },
      "method": "GET",
      "httpVersion": "1.1",
      "originalUrl": "/favicon.ico",
      "query": {}
    },
    "responseTime": 0
  }
}
[2019-07-12T23:58:36.997Z]: [	HTTP POST /auth/signup] {
  "meta": {
    "res": {
      "statusCode": 302
    },
    "req": {
      "url": "/auth/signup",
      "headers": {
        "host": "localhost:3000",
        "connection": "keep-alive",
        "content-length": "69",
        "cache-control": "max-age=0",
        "origin": "http://localhost:3000",
        "upgrade-insecure-requests": "1",
        "dnt": "1",
        "content-type": "application/x-www-form-urlencoded",
        "user-agent": "Mozilla/5.0 (Macintosh; Intel Mac OS X 10_14_5) AppleWebKit/537.36 (KHTML, like Gecko) Chrome/75.0.3770.100 Safari/537.36",
        "accept": "text/html,application/xhtml+xml,application/xml;q=0.9,image/webp,image/apng,*/*;q=0.8,application/signed-exchange;v=b3",
        "referer": "http://localhost:3000/",
        "accept-encoding": "gzip, deflate, br",
        "accept-language": "en-US,en;q=0.9,es-419;q=0.8,es;q=0.7",
        "cookie": "connect.sid=s%3AEfHREqBEBRs6MVeeqwntPiIBZpBReTpx.Gw5sJ3xBd1UMBieUDS1MFDGvvx6M3CcpJc%2FNaXfc3G0"
      },
      "method": "POST",
      "httpVersion": "1.1",
      "originalUrl": "/auth/signup",
      "query": {}
    },
    "responseTime": 7
  }
}
[2019-07-12T23:58:37.007Z]: [	HTTP GET /] {
  "meta": {
    "res": {
      "statusCode": 304
    },
    "req": {
      "url": "/",
      "headers": {
        "host": "localhost:3000",
        "connection": "keep-alive",
        "cache-control": "max-age=0",
        "upgrade-insecure-requests": "1",
        "dnt": "1",
        "user-agent": "Mozilla/5.0 (Macintosh; Intel Mac OS X 10_14_5) AppleWebKit/537.36 (KHTML, like Gecko) Chrome/75.0.3770.100 Safari/537.36",
        "accept": "text/html,application/xhtml+xml,application/xml;q=0.9,image/webp,image/apng,*/*;q=0.8,application/signed-exchange;v=b3",
        "referer": "http://localhost:3000/",
        "accept-encoding": "gzip, deflate, br",
        "accept-language": "en-US,en;q=0.9,es-419;q=0.8,es;q=0.7",
        "cookie": "connect.sid=s%3AEfHREqBEBRs6MVeeqwntPiIBZpBReTpx.Gw5sJ3xBd1UMBieUDS1MFDGvvx6M3CcpJc%2FNaXfc3G0",
        "if-none-match": "W/\"367-4zs0oehlcD4whe+j1mm2u+Yvsdk\""
      },
      "method": "GET",
      "httpVersion": "1.1",
      "originalUrl": "/",
      "query": {}
    },
    "responseTime": 6
  }
}
[2019-07-12T23:58:37.058Z]: [	HTTP GET /stylesheets/style.css] {
  "meta": {
    "res": {
      "statusCode": 404
    },
    "req": {
      "url": "/stylesheets/style.css",
      "headers": {
        "host": "localhost:3000",
        "connection": "keep-alive",
        "user-agent": "Mozilla/5.0 (Macintosh; Intel Mac OS X 10_14_5) AppleWebKit/537.36 (KHTML, like Gecko) Chrome/75.0.3770.100 Safari/537.36",
        "dnt": "1",
        "accept": "text/css,*/*;q=0.1",
        "referer": "http://localhost:3000/",
        "accept-encoding": "gzip, deflate, br",
        "accept-language": "en-US,en;q=0.9,es-419;q=0.8,es;q=0.7",
        "cookie": "connect.sid=s%3AEfHREqBEBRs6MVeeqwntPiIBZpBReTpx.Gw5sJ3xBd1UMBieUDS1MFDGvvx6M3CcpJc%2FNaXfc3G0"
      },
      "method": "GET",
      "httpVersion": "1.1",
      "originalUrl": "/stylesheets/style.css",
      "query": {}
    },
    "responseTime": 2
  }
}
[2019-07-12T23:58:37.060Z]: [	HTTP GET /javascripts/script.js] {
  "meta": {
    "res": {
      "statusCode": 404
    },
    "req": {
      "url": "/javascripts/script.js",
      "headers": {
        "host": "localhost:3000",
        "connection": "keep-alive",
        "user-agent": "Mozilla/5.0 (Macintosh; Intel Mac OS X 10_14_5) AppleWebKit/537.36 (KHTML, like Gecko) Chrome/75.0.3770.100 Safari/537.36",
        "dnt": "1",
        "accept": "*/*",
        "referer": "http://localhost:3000/",
        "accept-encoding": "gzip, deflate, br",
        "accept-language": "en-US,en;q=0.9,es-419;q=0.8,es;q=0.7",
        "cookie": "connect.sid=s%3AEfHREqBEBRs6MVeeqwntPiIBZpBReTpx.Gw5sJ3xBd1UMBieUDS1MFDGvvx6M3CcpJc%2FNaXfc3G0"
      },
      "method": "GET",
      "httpVersion": "1.1",
      "originalUrl": "/javascripts/script.js",
      "query": {}
    },
    "responseTime": 2
  }
}
[2019-07-13T00:16:36.820Z]: [	HTTP GET /] {
  "meta": {
    "res": {
      "statusCode": 200
    },
    "req": {
      "url": "/",
      "headers": {
        "host": "localhost:3000",
        "connection": "keep-alive",
        "cache-control": "max-age=0",
        "upgrade-insecure-requests": "1",
        "user-agent": "Mozilla/5.0 (Macintosh; Intel Mac OS X 10_14_5) AppleWebKit/537.36 (KHTML, like Gecko) Chrome/75.0.3770.100 Safari/537.36",
        "dnt": "1",
        "accept": "text/html,application/xhtml+xml,application/xml;q=0.9,image/webp,image/apng,*/*;q=0.8,application/signed-exchange;v=b3",
        "referer": "http://localhost:3000/",
        "accept-encoding": "gzip, deflate, br",
        "accept-language": "en-US,en;q=0.9,es-419;q=0.8,es;q=0.7",
        "cookie": "connect.sid=s%3AEfHREqBEBRs6MVeeqwntPiIBZpBReTpx.Gw5sJ3xBd1UMBieUDS1MFDGvvx6M3CcpJc%2FNaXfc3G0",
        "if-none-match": "W/\"367-4zs0oehlcD4whe+j1mm2u+Yvsdk\""
      },
      "method": "GET",
      "httpVersion": "1.1",
      "originalUrl": "/",
      "query": {}
    },
    "responseTime": 19
  }
}
[2019-07-13T00:16:36.864Z]: [	HTTP GET /stylesheets/style.css] {
  "meta": {
    "res": {
      "statusCode": 404
    },
    "req": {
      "url": "/stylesheets/style.css",
      "headers": {
        "host": "localhost:3000",
        "connection": "keep-alive",
        "user-agent": "Mozilla/5.0 (Macintosh; Intel Mac OS X 10_14_5) AppleWebKit/537.36 (KHTML, like Gecko) Chrome/75.0.3770.100 Safari/537.36",
        "dnt": "1",
        "accept": "text/css,*/*;q=0.1",
        "referer": "http://localhost:3000/",
        "accept-encoding": "gzip, deflate, br",
        "accept-language": "en-US,en;q=0.9,es-419;q=0.8,es;q=0.7",
        "cookie": "connect.sid=s%3AEfHREqBEBRs6MVeeqwntPiIBZpBReTpx.Gw5sJ3xBd1UMBieUDS1MFDGvvx6M3CcpJc%2FNaXfc3G0"
      },
      "method": "GET",
      "httpVersion": "1.1",
      "originalUrl": "/stylesheets/style.css",
      "query": {}
    },
    "responseTime": 8
  }
}
[2019-07-13T00:16:36.866Z]: [	HTTP GET /javascripts/script.js] {
  "meta": {
    "res": {
      "statusCode": 404
    },
    "req": {
      "url": "/javascripts/script.js",
      "headers": {
        "host": "localhost:3000",
        "connection": "keep-alive",
        "user-agent": "Mozilla/5.0 (Macintosh; Intel Mac OS X 10_14_5) AppleWebKit/537.36 (KHTML, like Gecko) Chrome/75.0.3770.100 Safari/537.36",
        "dnt": "1",
        "accept": "*/*",
        "referer": "http://localhost:3000/",
        "accept-encoding": "gzip, deflate, br",
        "accept-language": "en-US,en;q=0.9,es-419;q=0.8,es;q=0.7",
        "cookie": "connect.sid=s%3AEfHREqBEBRs6MVeeqwntPiIBZpBReTpx.Gw5sJ3xBd1UMBieUDS1MFDGvvx6M3CcpJc%2FNaXfc3G0"
      },
      "method": "GET",
      "httpVersion": "1.1",
      "originalUrl": "/javascripts/script.js",
      "query": {}
    },
    "responseTime": 3
  }
}
[2019-07-13T00:16:48.352Z]: [	HTTP GET /] {
  "meta": {
    "res": {
      "statusCode": 200
    },
    "req": {
      "url": "/",
      "headers": {
        "host": "localhost:3000",
        "connection": "keep-alive",
        "cache-control": "max-age=0",
        "upgrade-insecure-requests": "1",
        "user-agent": "Mozilla/5.0 (Macintosh; Intel Mac OS X 10_14_5) AppleWebKit/537.36 (KHTML, like Gecko) Chrome/75.0.3770.100 Safari/537.36",
        "dnt": "1",
        "accept": "text/html,application/xhtml+xml,application/xml;q=0.9,image/webp,image/apng,*/*;q=0.8,application/signed-exchange;v=b3",
        "referer": "http://localhost:3000/",
        "accept-encoding": "gzip, deflate, br",
        "accept-language": "en-US,en;q=0.9,es-419;q=0.8,es;q=0.7",
        "cookie": "connect.sid=s%3AOoDwVmBk5T3p0zojtFHah0GRnzBIGHBi.mYO0hUon28H%2FIUWndEoZ1vTkNClGb27UyWfmsRrZ6KY",
        "if-none-match": "W/\"448-plDVmnleXIVDIYYp5FcwMKq1cK8\""
      },
      "method": "GET",
      "httpVersion": "1.1",
      "originalUrl": "/",
      "query": {}
    },
    "responseTime": 4
  }
}
[2019-07-13T00:16:48.386Z]: [	HTTP GET /stylesheets/style.css] {
  "meta": {
    "res": {
      "statusCode": 404
    },
    "req": {
      "url": "/stylesheets/style.css",
      "headers": {
        "host": "localhost:3000",
        "connection": "keep-alive",
        "user-agent": "Mozilla/5.0 (Macintosh; Intel Mac OS X 10_14_5) AppleWebKit/537.36 (KHTML, like Gecko) Chrome/75.0.3770.100 Safari/537.36",
        "dnt": "1",
        "accept": "text/css,*/*;q=0.1",
        "referer": "http://localhost:3000/",
        "accept-encoding": "gzip, deflate, br",
        "accept-language": "en-US,en;q=0.9,es-419;q=0.8,es;q=0.7",
        "cookie": "connect.sid=s%3AOoDwVmBk5T3p0zojtFHah0GRnzBIGHBi.mYO0hUon28H%2FIUWndEoZ1vTkNClGb27UyWfmsRrZ6KY"
      },
      "method": "GET",
      "httpVersion": "1.1",
      "originalUrl": "/stylesheets/style.css",
      "query": {}
    },
    "responseTime": 1
  }
}
[2019-07-13T00:16:48.387Z]: [	HTTP GET /javascripts/script.js] {
  "meta": {
    "res": {
      "statusCode": 404
    },
    "req": {
      "url": "/javascripts/script.js",
      "headers": {
        "host": "localhost:3000",
        "connection": "keep-alive",
        "user-agent": "Mozilla/5.0 (Macintosh; Intel Mac OS X 10_14_5) AppleWebKit/537.36 (KHTML, like Gecko) Chrome/75.0.3770.100 Safari/537.36",
        "dnt": "1",
        "accept": "*/*",
        "referer": "http://localhost:3000/",
        "accept-encoding": "gzip, deflate, br",
        "accept-language": "en-US,en;q=0.9,es-419;q=0.8,es;q=0.7",
        "cookie": "connect.sid=s%3AOoDwVmBk5T3p0zojtFHah0GRnzBIGHBi.mYO0hUon28H%2FIUWndEoZ1vTkNClGb27UyWfmsRrZ6KY"
      },
      "method": "GET",
      "httpVersion": "1.1",
      "originalUrl": "/javascripts/script.js",
      "query": {}
    },
    "responseTime": 2
  }
}
[2019-07-13T00:16:51.570Z]: [	HTTP POST /auth/login] {
  "meta": {
    "res": {
      "statusCode": 500
    },
    "req": {
      "url": "/auth/login",
      "headers": {
        "host": "localhost:3000",
        "connection": "keep-alive",
        "content-length": "27",
        "cache-control": "max-age=0",
        "origin": "http://localhost:3000",
        "upgrade-insecure-requests": "1",
        "dnt": "1",
        "content-type": "application/x-www-form-urlencoded",
        "user-agent": "Mozilla/5.0 (Macintosh; Intel Mac OS X 10_14_5) AppleWebKit/537.36 (KHTML, like Gecko) Chrome/75.0.3770.100 Safari/537.36",
        "accept": "text/html,application/xhtml+xml,application/xml;q=0.9,image/webp,image/apng,*/*;q=0.8,application/signed-exchange;v=b3",
        "referer": "http://localhost:3000/",
        "accept-encoding": "gzip, deflate, br",
        "accept-language": "en-US,en;q=0.9,es-419;q=0.8,es;q=0.7",
        "cookie": "connect.sid=s%3AOoDwVmBk5T3p0zojtFHah0GRnzBIGHBi.mYO0hUon28H%2FIUWndEoZ1vTkNClGb27UyWfmsRrZ6KY"
      },
      "method": "POST",
      "httpVersion": "1.1",
      "originalUrl": "/auth/login",
      "query": {}
    },
    "responseTime": 2
  }
}
